<?xml version="1.0" encoding="UTF-8"?>
<!-- Generated by org.testng.reporters.JUnitReportReporter -->
<testsuite hostname="DESKTOP-BP612FB" failures="0" tests="7" name="runner_files.Runner_TESTNG" time="43.198" errors="0" timestamp="2024-07-30T20:05:09 EDT" skipped="0">
  <testcase classname="runner_files.Runner_TESTNG" name="runScenario" time="5.470"/>
  <testcase classname="runner_files.Runner_TESTNG" name="runScenario" time="5.612"/>
  <testcase classname="runner_files.Runner_TESTNG" name="runScenario" time="6.901"/>
  <testcase classname="runner_files.Runner_TESTNG" name="runScenario" time="6.461"/>
  <testcase classname="runner_files.Runner_TESTNG" name="runScenario" time="4.420"/>
  <testcase classname="runner_files.Runner_TESTNG" name="runScenario" time="6.766"/>
  <testcase classname="runner_files.Runner_TESTNG" name="runScenario" time="7.568"/>
</testsuite> <!-- runner_files.Runner_TESTNG -->
