<?xml version="1.0" encoding="UTF-8"?>
<!-- Generated by org.testng.reporters.JUnitReportReporter -->
<testsuite hostname="DESKTOP-BP612FB" failures="0" tests="7" name="runner_files.Runner_TESTNG" time="47.740" errors="0" timestamp="2024-08-05T20:21:03 EDT" skipped="0">
  <testcase classname="runner_files.Runner_TESTNG" name="runScenario" time="9.145"/>
  <testcase classname="runner_files.Runner_TESTNG" name="runScenario" time="5.999"/>
  <testcase classname="runner_files.Runner_TESTNG" name="runScenario" time="6.935"/>
  <testcase classname="runner_files.Runner_TESTNG" name="runScenario" time="5.328"/>
  <testcase classname="runner_files.Runner_TESTNG" name="runScenario" time="8.243"/>
  <testcase classname="runner_files.Runner_TESTNG" name="runScenario" time="6.199"/>
  <testcase classname="runner_files.Runner_TESTNG" name="runScenario" time="5.891"/>
</testsuite> <!-- runner_files.Runner_TESTNG -->
